[ 2017-06-30T09:02:23+08:00 ] 127.0.0.1 /index.php/Home/User/checkName?mingzi=
INFO: [ app_begin ] --START--
INFO: Run Behavior\ReadHtmlCacheBehavior [ RunTime:0.001008s ]
INFO: [ app_begin ] --END-- [ RunTime:0.001560s ]
SQL: SHOW COLUMNS FROM `sw_user` [ RunTime:0.0477s ]
SQL: SELECT * FROM `sw_user` WHERE `username` = '' LIMIT 1   [ RunTime:0.0006s ]
INFO: [ app_end ] --START--
INFO: Run Behavior\ShowPageTraceBehavior [ RunTime:0.000699s ]
INFO: [ app_end ] --END-- [ RunTime:0.000792s ]

[ 2017-06-30T09:02:31+08:00 ] 127.0.0.1 /index.php/Home/User/checkName?mingzi=aa
INFO: [ app_begin ] --START--
INFO: Run Behavior\ReadHtmlCacheBehavior [ RunTime:0.000863s ]
INFO: [ app_begin ] --END-- [ RunTime:0.001380s ]
SQL: SHOW COLUMNS FROM `sw_user` [ RunTime:0.0298s ]
SQL: SELECT * FROM `sw_user` WHERE `username` = 'aa' LIMIT 1   [ RunTime:0.0004s ]
INFO: [ app_end ] --START--
INFO: Run Behavior\ShowPageTraceBehavior [ RunTime:0.001125s ]
INFO: [ app_end ] --END-- [ RunTime:0.001187s ]

[ 2017-06-30T09:02:40+08:00 ] 127.0.0.1 /index.php/Home/User/checkName?mingzi=aasdsfdsf
INFO: [ app_begin ] --START--
INFO: Run Behavior\ReadHtmlCacheBehavior [ RunTime:0.001334s ]
INFO: [ app_begin ] --END-- [ RunTime:0.001836s ]
SQL: SHOW COLUMNS FROM `sw_user` [ RunTime:0.0238s ]
SQL: SELECT * FROM `sw_user` WHERE `username` = 'aasdsfdsf' LIMIT 1   [ RunTime:0.0004s ]
INFO: [ app_end ] --START--
INFO: Run Behavior\ShowPageTraceBehavior [ RunTime:0.000685s ]
INFO: [ app_end ] --END-- [ RunTime:0.000727s ]

[ 2017-06-30T09:02:59+08:00 ] 127.0.0.1 /index.php/Home/User/checkName?mingzi=asdsdsfdsfdg
INFO: [ app_begin ] --START--
INFO: Run Behavior\ReadHtmlCacheBehavior [ RunTime:0.001979s ]
INFO: [ app_begin ] --END-- [ RunTime:0.003053s ]
SQL: SHOW COLUMNS FROM `sw_user` [ RunTime:0.0266s ]
SQL: SELECT * FROM `sw_user` WHERE `username` = 'asdsdsfdsfdg' LIMIT 1   [ RunTime:0.0005s ]
INFO: [ app_end ] --START--
INFO: Run Behavior\ShowPageTraceBehavior [ RunTime:0.001019s ]
INFO: [ app_end ] --END-- [ RunTime:0.001073s ]

[ 2017-06-30T09:03:13+08:00 ] 127.0.0.1 /index.php/Home/User/checkName?mingzi=%E9%83%AD%E8%A5%84
INFO: [ app_begin ] --START--
INFO: Run Behavior\ReadHtmlCacheBehavior [ RunTime:0.001005s ]
INFO: [ app_begin ] --END-- [ RunTime:0.001459s ]
SQL: SHOW COLUMNS FROM `sw_user` [ RunTime:0.0257s ]
SQL: SELECT * FROM `sw_user` WHERE `username` = '郭襄' LIMIT 1   [ RunTime:0.0004s ]
INFO: [ app_end ] --START--
INFO: Run Behavior\ShowPageTraceBehavior [ RunTime:0.000713s ]
INFO: [ app_end ] --END-- [ RunTime:0.000748s ]

[ 2017-06-30T09:26:24+08:00 ] 127.0.0.1 /index.php/Home/User/checkName?mingzi=%E9%83%AD%E8%A5%844
INFO: [ app_begin ] --START--
INFO: Run Behavior\ReadHtmlCacheBehavior [ RunTime:0.000727s ]
INFO: [ app_begin ] --END-- [ RunTime:0.001222s ]
SQL: SHOW COLUMNS FROM `sw_user` [ RunTime:0.0821s ]
SQL: SELECT * FROM `sw_user` WHERE `username` = '郭襄4' LIMIT 1   [ RunTime:0.0005s ]
INFO: [ app_end ] --START--
INFO: Run Behavior\ShowPageTraceBehavior [ RunTime:0.001167s ]
INFO: [ app_end ] --END-- [ RunTime:0.001225s ]

[ 2017-06-30T09:26:29+08:00 ] 127.0.0.1 /index.php/Home/User/checkName?mingzi=
INFO: [ app_begin ] --START--
INFO: Run Behavior\ReadHtmlCacheBehavior [ RunTime:0.000529s ]
INFO: [ app_begin ] --END-- [ RunTime:0.000941s ]
SQL: SHOW COLUMNS FROM `sw_user` [ RunTime:0.0241s ]
SQL: SELECT * FROM `sw_user` WHERE `username` = '' LIMIT 1   [ RunTime:0.0194s ]
INFO: [ app_end ] --START--
INFO: Run Behavior\ShowPageTraceBehavior [ RunTime:0.000786s ]
INFO: [ app_end ] --END-- [ RunTime:0.000849s ]

[ 2017-06-30T09:26:36+08:00 ] 127.0.0.1 /index.php/Home/User/checkName?mingzi=%E5%9B%9E%E5%AE%B6%E7%9C%8B%E8%A6%8B%E7%A9%BA%E9%96%93
INFO: [ app_begin ] --START--
INFO: Run Behavior\ReadHtmlCacheBehavior [ RunTime:0.000768s ]
INFO: [ app_begin ] --END-- [ RunTime:0.001288s ]
SQL: SHOW COLUMNS FROM `sw_user` [ RunTime:0.0258s ]
SQL: SELECT * FROM `sw_user` WHERE `username` = '回家看見空間' LIMIT 1   [ RunTime:0.0004s ]
INFO: [ app_end ] --START--
INFO: Run Behavior\ShowPageTraceBehavior [ RunTime:0.000596s ]
INFO: [ app_end ] --END-- [ RunTime:0.000631s ]

[ 2017-06-30T09:26:43+08:00 ] 127.0.0.1 /index.php/Home/User/checkName?mingzi=%E9%83%AD%E8%A5%84
INFO: [ app_begin ] --START--
INFO: Run Behavior\ReadHtmlCacheBehavior [ RunTime:0.000544s ]
INFO: [ app_begin ] --END-- [ RunTime:0.000936s ]
SQL: SHOW COLUMNS FROM `sw_user` [ RunTime:0.0254s ]
SQL: SELECT * FROM `sw_user` WHERE `username` = '郭襄' LIMIT 1   [ RunTime:0.0004s ]
INFO: [ app_end ] --START--
INFO: Run Behavior\ShowPageTraceBehavior [ RunTime:0.000579s ]
INFO: [ app_end ] --END-- [ RunTime:0.000613s ]

[ 2017-06-30T09:26:49+08:00 ] 127.0.0.1 /index.php/Home/User/checkName?mingzi=
INFO: [ app_begin ] --START--
INFO: Run Behavior\ReadHtmlCacheBehavior [ RunTime:0.000547s ]
INFO: [ app_begin ] --END-- [ RunTime:0.000955s ]
SQL: SHOW COLUMNS FROM `sw_user` [ RunTime:0.0241s ]
SQL: SELECT * FROM `sw_user` WHERE `username` = '' LIMIT 1   [ RunTime:0.0005s ]
INFO: [ app_end ] --START--
INFO: Run Behavior\ShowPageTraceBehavior [ RunTime:0.000792s ]
INFO: [ app_end ] --END-- [ RunTime:0.000841s ]

[ 2017-06-30T09:28:49+08:00 ] 127.0.0.1 /index.php/Home/User/checkName?mingzi=1
INFO: [ app_begin ] --START--
INFO: Run Behavior\ReadHtmlCacheBehavior [ RunTime:0.000747s ]
INFO: [ app_begin ] --END-- [ RunTime:0.001263s ]
SQL: SHOW COLUMNS FROM `sw_user` [ RunTime:0.0990s ]
SQL: SELECT * FROM `sw_user` WHERE `username` = '1' LIMIT 1   [ RunTime:0.0005s ]
INFO: [ app_end ] --START--
INFO: Run Behavior\ShowPageTraceBehavior [ RunTime:0.000589s ]
INFO: [ app_end ] --END-- [ RunTime:0.000624s ]

[ 2017-06-30T09:29:04+08:00 ] 127.0.0.1 /index.php/Home/User/checkName?mingzi=
INFO: [ app_begin ] --START--
INFO: Run Behavior\ReadHtmlCacheBehavior [ RunTime:0.000870s ]
INFO: [ app_begin ] --END-- [ RunTime:0.001459s ]
SQL: SHOW COLUMNS FROM `sw_user` [ RunTime:0.0228s ]
SQL: SELECT * FROM `sw_user` WHERE `username` = '' LIMIT 1   [ RunTime:0.0004s ]
INFO: [ app_end ] --START--
INFO: Run Behavior\ShowPageTraceBehavior [ RunTime:0.000573s ]
INFO: [ app_end ] --END-- [ RunTime:0.000608s ]

[ 2017-06-30T09:29:09+08:00 ] 127.0.0.1 /index.php/Home/User/checkName?mingzi=
INFO: [ app_begin ] --START--
INFO: Run Behavior\ReadHtmlCacheBehavior [ RunTime:0.002422s ]
INFO: [ app_begin ] --END-- [ RunTime:0.003285s ]
SQL: SHOW COLUMNS FROM `sw_user` [ RunTime:0.0269s ]
SQL: SELECT * FROM `sw_user` WHERE `username` = '' LIMIT 1   [ RunTime:0.0005s ]
INFO: [ app_end ] --START--
INFO: Run Behavior\ShowPageTraceBehavior [ RunTime:0.000615s ]
INFO: [ app_end ] --END-- [ RunTime:0.000652s ]

[ 2017-06-30T09:29:21+08:00 ] 127.0.0.1 /index.php/Home/User/checkName?mingzi=
INFO: [ app_begin ] --START--
INFO: Run Behavior\ReadHtmlCacheBehavior [ RunTime:0.000550s ]
INFO: [ app_begin ] --END-- [ RunTime:0.000863s ]
SQL: SHOW COLUMNS FROM `sw_user` [ RunTime:0.0766s ]
SQL: SELECT * FROM `sw_user` WHERE `username` = '' LIMIT 1   [ RunTime:0.0004s ]
INFO: [ app_end ] --START--
INFO: Run Behavior\ShowPageTraceBehavior [ RunTime:0.000678s ]
INFO: [ app_end ] --END-- [ RunTime:0.000721s ]

[ 2017-06-30T09:29:34+08:00 ] 127.0.0.1 /index.php/Home/User/checkName?mingzi=
INFO: [ app_begin ] --START--
INFO: Run Behavior\ReadHtmlCacheBehavior [ RunTime:0.000520s ]
INFO: [ app_begin ] --END-- [ RunTime:0.000832s ]
SQL: SHOW COLUMNS FROM `sw_user` [ RunTime:0.0269s ]
SQL: SELECT * FROM `sw_user` WHERE `username` = '' LIMIT 1   [ RunTime:0.0004s ]
INFO: [ app_end ] --START--
INFO: Run Behavior\ShowPageTraceBehavior [ RunTime:0.000580s ]
INFO: [ app_end ] --END-- [ RunTime:0.000617s ]

[ 2017-06-30T22:23:23+08:00 ] 127.0.0.1 /index.php/Home/User/regist
ERR: SQLSTATE[HY000] [1049] Unknown database 'shopapp'

[ 2017-06-30T22:42:00+08:00 ] 127.0.0.1 /index.php/Home/User/checkName?mingzi=%E6%8A%96%E6%8A%96
INFO: [ app_begin ] --START--
INFO: Run Behavior\ReadHtmlCacheBehavior [ RunTime:0.001282s ]
INFO: [ app_begin ] --END-- [ RunTime:0.001987s ]
SQL: SHOW COLUMNS FROM `sw_user` [ RunTime:0.0175s ]
SQL: SELECT * FROM `sw_user` WHERE `username` = '抖抖' LIMIT 1   [ RunTime:0.0562s ]
INFO: [ app_end ] --START--
INFO: Run Behavior\ShowPageTraceBehavior [ RunTime:0.000904s ]
INFO: [ app_end ] --END-- [ RunTime:0.000948s ]

